[START] Type:Zarzadca_Kolejka_Zewnetrzna ID:0 Time:2025-01-17 23:24:49 Called from PID:5417
[START] Type:Lekarz_POZ ID:1 Time:2025-01-17 23:24:49 Called from PID:5419
[START] Type:Lekarz_Specjalista ID:1236 Time:2025-01-17 23:24:49 Called from PID:5421
[START] Type:Rejestracja ID:0 Time:2025-01-17 23:24:49 Called from PID:5418
[ZMIANA LICZBY OSOB] Type:Zmien liczbe ID:2 Time:2025-01-17 23:24:49 Called from PID:5417
[START] Type:Lekarz_POZ ID:2 Time:2025-01-17 23:24:49 Called from PID:5420
[START] Type:Lekarz_Specjalista ID:1237 Time:2025-01-17 23:24:49 Called from PID:5422
[START] Type:Lekarz_Specjalista ID:1238 Time:2025-01-17 23:24:49 Called from PID:5423
[START] Type:Pacjent ID:0 Time:2025-01-17 23:24:49 Called from PID:5425
[PRZYJSCIE] Type:Pacjent ID:0 Time:2025-01-17 23:24:49 Called from PID:5425
[START] Type:Lekarz_Specjalista ID:1239 Time:2025-01-17 23:24:49 Called from PID:5424
[START] Type:Rodzic ID:14 Time:2025-01-17 23:24:49 Called from PID:5426
[ODEBRANO] Type:Rejestracja ID:14 Time:2025-01-17 23:24:50 Called from PID:5418
[ZMIANA LICZBY OSOB] Type:Zmien liczbe ID:3 Time:2025-01-17 23:24:50 Called from PID:5417
[SKIEROWANO] Type:Kardiolog ID:14 Time:2025-01-17 23:24:50 Called from PID:5418
[ODEBRANO] Type:Rejestracja ID:11 Time:2025-01-17 23:24:50 Called from PID:5418
[SKIEROWANO] Type:POZ ID:11 Time:2025-01-17 23:24:50 Called from PID:5418
[START] Type:Pacjent ID:1 Time:2025-01-17 23:24:50 Called from PID:5427
[PRZYJSCIE] Type:Pacjent ID:1 Time:2025-01-17 23:24:50 Called from PID:5427
[OBSŁUGA] Type:Lekarz_Specjalista ID:14 Time:2025-01-17 23:24:51 Called from PID:5421
[OBSŁUGA] Type:Lekarz_POZ ID:11 Time:2025-01-17 23:24:51 Called from PID:5419
[ZMIANA LICZBY OSOB] Type:Zmien liczbe ID:4 Time:2025-01-17 23:24:51 Called from PID:5417
[ODEBRANO] Type:Rejestracja ID:9 Time:2025-01-17 23:24:51 Called from PID:5418
[SKIEROWANO] Type:Medycyna_pracy ID:9 Time:2025-01-17 23:24:51 Called from PID:5418
[START] Type:Pacjent ID:2 Time:2025-01-17 23:24:51 Called from PID:5428
[PRZYJSCIE] Type:Pacjent ID:2 Time:2025-01-17 23:24:51 Called from PID:5428
[OBSŁUGA] Type:Lekarz_Specjalista ID:9 Time:2025-01-17 23:24:52 Called from PID:5424
[ZMIANA LICZBY OSOB] Type:Zmien liczbe ID:5 Time:2025-01-17 23:24:52 Called from PID:5417
[ODEBRANO] Type:Rejestracja ID:13 Time:2025-01-17 23:24:52 Called from PID:5418
[SKIEROWANO] Type:POZ ID:13 Time:2025-01-17 23:24:52 Called from PID:5418
[START] Type:Pacjent ID:3 Time:2025-01-17 23:24:52 Called from PID:5429
[PRZYJSCIE] Type:Pacjent ID:3 Time:2025-01-17 23:24:52 Called from PID:5429
[ZAKOŃCZONO] Type:Lekarz_POZ ID:11 Time:2025-01-17 23:24:53 Called from PID:5419
[ZMIANA LICZBY OSOB] Type:Zmien liczbe ID:4 Time:2025-01-17 23:24:53 Called from PID:5419
[OBSŁUGA] Type:Lekarz_POZ ID:13 Time:2025-01-17 23:24:53 Called from PID:5420
[WYJSCIE] Type:PACJENT ID:4 Time:2025-01-17 23:24:53 Called from PID:5419
[START] Type:Pacjent ID:4 Time:2025-01-17 23:24:53 Called from PID:5430
[PRZYJSCIE] Type:Pacjent ID:4 Time:2025-01-17 23:24:53 Called from PID:5430
[START] Type:Rejestracja ID:0 Time:2025-01-17 23:28:18 Called from PID:5471
[START] Type:Zarzadca_Kolejka_Zewnetrzna ID:0 Time:2025-01-17 23:28:18 Called from PID:5470
[ZMIANA LICZBY OSOB] Type:Zmien liczbe ID:1 Time:2025-01-17 23:28:18 Called from PID:5470
[START] Type:Lekarz_POZ ID:1 Time:2025-01-17 23:28:18 Called from PID:5472
[START] Type:Lekarz_Specjalista ID:1236 Time:2025-01-17 23:28:18 Called from PID:5474
[START] Type:Lekarz_POZ ID:2 Time:2025-01-17 23:28:18 Called from PID:5473
[START] Type:Lekarz_Specjalista ID:1239 Time:2025-01-17 23:28:18 Called from PID:5477
[START] Type:Lekarz_Specjalista ID:1238 Time:2025-01-17 23:28:18 Called from PID:5476
[START] Type:Lekarz_Specjalista ID:1237 Time:2025-01-17 23:28:18 Called from PID:5475
[START] Type:Pacjent ID:0 Time:2025-01-17 23:28:18 Called from PID:5478
[PRZYJSCIE] Type:Pacjent ID:0 Time:2025-01-17 23:28:18 Called from PID:5478
[ZMIANA LICZBY OSOB] Type:Zmien liczbe ID:2 Time:2025-01-17 23:28:18 Called from PID:5478
[END] Type:Pacjent ID:0 Time:2025-01-17 23:28:18 Called from PID:5478
[ZMIANA LICZBY OSOB] Type:Zmien liczbe ID:3 Time:2025-01-17 23:28:19 Called from PID:5470
[START] Type:Pacjent ID:1 Time:2025-01-17 23:28:19 Called from PID:5480
[PRZYJSCIE] Type:Pacjent ID:1 Time:2025-01-17 23:28:19 Called from PID:5480
[ZMIANA LICZBY OSOB] Type:Zmien liczbe ID:4 Time:2025-01-17 23:28:19 Called from PID:5480
[END] Type:Pacjent ID:1 Time:2025-01-17 23:28:19 Called from PID:5480
[ZMIANA LICZBY OSOB] Type:Zmien liczbe ID:5 Time:2025-01-17 23:28:20 Called from PID:5470
[START] Type:Pacjent ID:2 Time:2025-01-17 23:28:20 Called from PID:5481
[PRZYJSCIE] Type:Pacjent ID:2 Time:2025-01-17 23:28:20 Called from PID:5481
[ZMIANA LICZBY OSOB] Type:Zmien liczbe ID:6 Time:2025-01-17 23:28:20 Called from PID:5481
[END] Type:Pacjent ID:2 Time:2025-01-17 23:28:20 Called from PID:5481
[START] Type:Pacjent ID:3 Time:2025-01-17 23:28:21 Called from PID:5482
[PRZYJSCIE] Type:Pacjent ID:3 Time:2025-01-17 23:28:21 Called from PID:5482
[START] Type:Zarzadca_Kolejka_Zewnetrzna ID:0 Time:2025-01-17 23:28:24 Called from PID:5491
[START] Type:Lekarz_POZ ID:2 Time:2025-01-17 23:28:24 Called from PID:5494
[START] Type:Rejestracja ID:0 Time:2025-01-17 23:28:24 Called from PID:5492
[START] Type:Lekarz_POZ ID:1 Time:2025-01-17 23:28:24 Called from PID:5493
[ZMIANA LICZBY OSOB] Type:Zmien liczbe ID:2 Time:2025-01-17 23:28:24 Called from PID:5491
[START] Type:Lekarz_Specjalista ID:1236 Time:2025-01-17 23:28:24 Called from PID:5495
[START] Type:Rodzic ID:7 Time:2025-01-17 23:28:24 Called from PID:5498
[START] Type:Lekarz_Specjalista ID:1237 Time:2025-01-17 23:28:24 Called from PID:5496
[START] Type:Lekarz_Specjalista ID:1238 Time:2025-01-17 23:28:24 Called from PID:5497
[START] Type:Lekarz_Specjalista ID:1239 Time:2025-01-17 23:28:24 Called from PID:5499
[START] Type:Pacjent ID:0 Time:2025-01-17 23:28:24 Called from PID:5500
[PRZYJSCIE] Type:Pacjent ID:0 Time:2025-01-17 23:28:24 Called from PID:5500
[ODEBRANO] Type:Rejestracja ID:7 Time:2025-01-17 23:28:25 Called from PID:5492
[ZMIANA LICZBY OSOB] Type:Zmien liczbe ID:3 Time:2025-01-17 23:28:25 Called from PID:5491
[SKIEROWANO] Type:POZ ID:7 Time:2025-01-17 23:28:25 Called from PID:5492
[START] Type:Pacjent ID:1 Time:2025-01-17 23:28:25 Called from PID:5501
[PRZYJSCIE] Type:Pacjent ID:1 Time:2025-01-17 23:28:25 Called from PID:5501
[OBSŁUGA] Type:Lekarz_POZ ID:7 Time:2025-01-17 23:28:26 Called from PID:5494
[ODEBRANO] Type:Rejestracja ID:4 Time:2025-01-17 23:28:26 Called from PID:5492
[ZMIANA LICZBY OSOB] Type:Zmien liczbe ID:4 Time:2025-01-17 23:28:26 Called from PID:5491
[SKIEROWANO] Type:Medycyna_pracy ID:4 Time:2025-01-17 23:28:26 Called from PID:5492
[START] Type:Pacjent ID:2 Time:2025-01-17 23:28:26 Called from PID:5502
[PRZYJSCIE] Type:Pacjent ID:2 Time:2025-01-17 23:28:26 Called from PID:5502
[START] Type:Zarzadca_Kolejka_Zewnetrzna ID:0 Time:2025-01-17 23:28:28 Called from PID:5511
[START] Type:Rejestracja ID:0 Time:2025-01-17 23:28:28 Called from PID:5512
[START] Type:Lekarz_POZ ID:2 Time:2025-01-17 23:28:28 Called from PID:5514
[ZMIANA LICZBY OSOB] Type:Zmien liczbe ID:1 Time:2025-01-17 23:28:28 Called from PID:5511
[START] Type:Lekarz_Specjalista ID:1236 Time:2025-01-17 23:28:28 Called from PID:5515
[START] Type:Lekarz_Specjalista ID:1237 Time:2025-01-17 23:28:28 Called from PID:5516
[START] Type:Lekarz_POZ ID:1 Time:2025-01-17 23:28:28 Called from PID:5513
[START] Type:Lekarz_Specjalista ID:1238 Time:2025-01-17 23:28:28 Called from PID:5517
[START] Type:Lekarz_Specjalista ID:1239 Time:2025-01-17 23:28:28 Called from PID:5518
[START] Type:Pacjent ID:0 Time:2025-01-17 23:28:28 Called from PID:5519
[PRZYJSCIE] Type:Pacjent ID:0 Time:2025-01-17 23:28:28 Called from PID:5519
[ODEBRANO] Type:Rejestracja ID:1 Time:2025-01-17 23:28:29 Called from PID:5512
[ZMIANA LICZBY OSOB] Type:Zmien liczbe ID:2 Time:2025-01-17 23:28:29 Called from PID:5511
[SKIEROWANO] Type:POZ ID:1 Time:2025-01-17 23:28:29 Called from PID:5512
[OBSŁUGA] Type:Lekarz_POZ ID:1 Time:2025-01-17 23:28:29 Called from PID:5513
[START] Type:Pacjent ID:1 Time:2025-01-17 23:28:29 Called from PID:5520
[PRZYJSCIE] Type:Pacjent ID:1 Time:2025-01-17 23:28:29 Called from PID:5520
[ODEBRANO] Type:Rejestracja ID:2 Time:2025-01-17 23:28:30 Called from PID:5512
[ZMIANA LICZBY OSOB] Type:Zmien liczbe ID:3 Time:2025-01-17 23:28:30 Called from PID:5511
[SKIEROWANO] Type:Pediatra ID:2 Time:2025-01-17 23:28:30 Called from PID:5512
[ODEBRANO] Type:Rejestracja ID:3 Time:2025-01-17 23:28:30 Called from PID:5512
[SKIEROWANO] Type:POZ ID:3 Time:2025-01-17 23:28:30 Called from PID:5512
[START] Type:Pacjent ID:2 Time:2025-01-17 23:28:30 Called from PID:5521
[PRZYJSCIE] Type:Pacjent ID:2 Time:2025-01-17 23:28:30 Called from PID:5521
[OBSŁUGA] Type:Lekarz_Specjalista ID:2 Time:2025-01-17 23:28:31 Called from PID:5517
[ZAKOŃCZONO] Type:Lekarz_POZ ID:1 Time:2025-01-17 23:28:31 Called from PID:5513
[ZMIANA LICZBY OSOB] Type:Zmien liczbe ID:4 Time:2025-01-17 23:28:31 Called from PID:5511
[OBSŁUGA] Type:Lekarz_POZ ID:3 Time:2025-01-17 23:28:31 Called from PID:5514
[ZMIANA LICZBY OSOB] Type:Zmien liczbe ID:3 Time:2025-01-17 23:28:31 Called from PID:5513
[WYJSCIE] Type:PACJENT ID:3 Time:2025-01-17 23:28:31 Called from PID:5513
[ODEBRANO] Type:Rejestracja ID:3 Time:2025-01-17 23:28:31 Called from PID:5512
[SKIEROWANO] Type:POZ ID:3 Time:2025-01-17 23:28:31 Called from PID:5512
[START] Type:Pacjent ID:3 Time:2025-01-17 23:28:31 Called from PID:5522
[PRZYJSCIE] Type:Pacjent ID:3 Time:2025-01-17 23:28:31 Called from PID:5522
[ZMIANA LICZBY OSOB] Type:Zmien liczbe ID:4 Time:2025-01-17 23:28:32 Called from PID:5511
[ODEBRANO] Type:Rejestracja ID:0 Time:2025-01-17 23:28:32 Called from PID:5512
[OBSŁUGA] Type:Lekarz_POZ ID:3 Time:2025-01-17 23:28:32 Called from PID:5513
[SKIEROWANO] Type:Medycyna_pracy ID:0 Time:2025-01-17 23:28:32 Called from PID:5512
[START] Type:Pacjent ID:4 Time:2025-01-17 23:28:32 Called from PID:5523
[PRZYJSCIE] Type:Pacjent ID:4 Time:2025-01-17 23:28:32 Called from PID:5523
[START] Type:Zarzadca_Kolejka_Zewnetrzna ID:0 Time:2025-01-17 23:29:17 Called from PID:5547
[START] Type:Lekarz_POZ ID:1 Time:2025-01-17 23:29:17 Called from PID:5549
[ZMIANA LICZBY OSOB] Type:Zmien liczbe ID:1 Time:2025-01-17 23:29:17 Called from PID:5547
[START] Type:Rejestracja ID:0 Time:2025-01-17 23:29:17 Called from PID:5548
[START] Type:Lekarz_POZ ID:2 Time:2025-01-17 23:29:17 Called from PID:5550
[START] Type:Lekarz_Specjalista ID:1236 Time:2025-01-17 23:29:17 Called from PID:5551
[ODEBRANO] Type:Rejestracja ID:1 Time:2025-01-17 23:29:17 Called from PID:5548
[SKIEROWANO] Type:POZ ID:1 Time:2025-01-17 23:29:17 Called from PID:5548
[START] Type:Lekarz_Specjalista ID:1237 Time:2025-01-17 23:29:17 Called from PID:5552
[START] Type:Lekarz_Specjalista ID:1238 Time:2025-01-17 23:29:17 Called from PID:5553
[START] Type:Lekarz_Specjalista ID:1239 Time:2025-01-17 23:29:17 Called from PID:5554
[START] Type:Pacjent ID:0 Time:2025-01-17 23:29:17 Called from PID:5555
[PRZYJSCIE] Type:Pacjent ID:0 Time:2025-01-17 23:29:17 Called from PID:5555
[OBSŁUGA] Type:Lekarz_POZ ID:1 Time:2025-01-17 23:29:18 Called from PID:5550
[ZMIANA LICZBY OSOB] Type:Zmien liczbe ID:2 Time:2025-01-17 23:29:18 Called from PID:5547
[START] Type:Pacjent ID:1 Time:2025-01-17 23:29:18 Called from PID:5558
[PRZYJSCIE] Type:Pacjent ID:1 Time:2025-01-17 23:29:18 Called from PID:5558
[ODEBRANO] Type:Rejestracja ID:2 Time:2025-01-17 23:29:19 Called from PID:5548
[SKIEROWANO] Type:POZ ID:2 Time:2025-01-17 23:29:19 Called from PID:5548
[OBSŁUGA] Type:Lekarz_POZ ID:2 Time:2025-01-17 23:29:19 Called from PID:5549
[ZMIANA LICZBY OSOB] Type:Zmien liczbe ID:3 Time:2025-01-17 23:29:19 Called from PID:5547
[START] Type:Pacjent ID:2 Time:2025-01-17 23:29:19 Called from PID:5562
[PRZYJSCIE] Type:Pacjent ID:2 Time:2025-01-17 23:29:19 Called from PID:5562
[ZAKOŃCZONO] Type:Lekarz_POZ ID:1 Time:2025-01-17 23:29:20 Called from PID:5550
[ZMIANA LICZBY OSOB] Type:Zmien liczbe ID:2 Time:2025-01-17 23:29:20 Called from PID:5550
[WYJSCIE] Type:PACJENT ID:2 Time:2025-01-17 23:29:20 Called from PID:5550
[ZMIANA LICZBY OSOB] Type:Zmien liczbe ID:3 Time:2025-01-17 23:29:20 Called from PID:5555
[END] Type:Pacjent ID:0 Time:2025-01-17 23:29:20 Called from PID:5555
[ZMIANA LICZBY OSOB] Type:Zmien liczbe ID:4 Time:2025-01-17 23:29:20 Called from PID:5547
[START] Type:Pacjent ID:3 Time:2025-01-17 23:29:20 Called from PID:5568
[PRZYJSCIE] Type:Pacjent ID:3 Time:2025-01-17 23:29:20 Called from PID:5568
[ZMIANA LICZBY OSOB] Type:Zmien liczbe ID:5 Time:2025-01-17 23:29:20 Called from PID:5558
[END] Type:Pacjent ID:1 Time:2025-01-17 23:29:20 Called from PID:5558
[START] Type:Rejestracja ID:0 Time:2025-01-17 23:29:39 Called from PID:5578
[START] Type:Zarzadca_Kolejka_Zewnetrzna ID:0 Time:2025-01-17 23:29:39 Called from PID:5577
[START] Type:Lekarz_POZ ID:2 Time:2025-01-17 23:29:39 Called from PID:5580
[START] Type:Lekarz_Specjalista ID:1236 Time:2025-01-17 23:29:39 Called from PID:5581
[ZMIANA LICZBY OSOB] Type:Zmien liczbe ID:2 Time:2025-01-17 23:29:39 Called from PID:5577
[START] Type:Lekarz_Specjalista ID:1237 Time:2025-01-17 23:29:39 Called from PID:5582
[START] Type:Lekarz_Specjalista ID:1238 Time:2025-01-17 23:29:39 Called from PID:5583
[START] Type:Lekarz_POZ ID:1 Time:2025-01-17 23:29:39 Called from PID:5579
[START] Type:Lekarz_Specjalista ID:1239 Time:2025-01-17 23:29:39 Called from PID:5584
[START] Type:Pacjent ID:0 Time:2025-01-17 23:29:39 Called from PID:5585
[START] Type:Rodzic ID:2 Time:2025-01-17 23:29:39 Called from PID:5586
[PRZYJSCIE] Type:Pacjent ID:0 Time:2025-01-17 23:29:39 Called from PID:5585
[ZMIANA LICZBY OSOB] Type:Zmien liczbe ID:3 Time:2025-01-17 23:29:40 Called from PID:5577
[ODEBRANO] Type:Rejestracja ID:2 Time:2025-01-17 23:29:40 Called from PID:5578
[SKIEROWANO] Type:POZ ID:2 Time:2025-01-17 23:29:40 Called from PID:5578
[ODEBRANO] Type:Rejestracja ID:3 Time:2025-01-17 23:29:40 Called from PID:5578
[SKIEROWANO] Type:Pediatra ID:3 Time:2025-01-17 23:29:40 Called from PID:5578
[START] Type:Pacjent ID:1 Time:2025-01-17 23:29:40 Called from PID:5587
[PRZYJSCIE] Type:Pacjent ID:1 Time:2025-01-17 23:29:40 Called from PID:5587
[OBSŁUGA] Type:Lekarz_POZ ID:2 Time:2025-01-17 23:29:41 Called from PID:5579
[ZMIANA LICZBY OSOB] Type:Zmien liczbe ID:4 Time:2025-01-17 23:29:41 Called from PID:5577
[OBSŁUGA] Type:Lekarz_Specjalista ID:3 Time:2025-01-17 23:29:41 Called from PID:5583
[ODEBRANO] Type:Rejestracja ID:4 Time:2025-01-17 23:29:41 Called from PID:5578
[SKIEROWANO] Type:POZ ID:4 Time:2025-01-17 23:29:41 Called from PID:5578
[START] Type:Pacjent ID:2 Time:2025-01-17 23:29:41 Called from PID:5588
[PRZYJSCIE] Type:Pacjent ID:2 Time:2025-01-17 23:29:41 Called from PID:5588
[OBSŁUGA] Type:Lekarz_POZ ID:4 Time:2025-01-17 23:29:42 Called from PID:5580
[ZMIANA LICZBY OSOB] Type:Zmien liczbe ID:5 Time:2025-01-17 23:29:42 Called from PID:5577
[ODEBRANO] Type:Rejestracja ID:0 Time:2025-01-17 23:29:42 Called from PID:5578
[SKIEROWANO] Type:Pediatra ID:0 Time:2025-01-17 23:29:42 Called from PID:5578
[START] Type:Pacjent ID:3 Time:2025-01-17 23:29:42 Called from PID:5589
[PRZYJSCIE] Type:Pacjent ID:3 Time:2025-01-17 23:29:42 Called from PID:5589
[START] Type:Rejestracja ID:0 Time:2025-01-17 23:29:47 Called from PID:5608
[START] Type:Zarzadca_Kolejka_Zewnetrzna ID:0 Time:2025-01-17 23:29:47 Called from PID:5607
[START] Type:Lekarz_POZ ID:1 Time:2025-01-17 23:29:47 Called from PID:5609
[START] Type:Lekarz_POZ ID:2 Time:2025-01-17 23:29:47 Called from PID:5610
[START] Type:Lekarz_Specjalista ID:1237 Time:2025-01-17 23:29:47 Called from PID:5612
[START] Type:Lekarz_Specjalista ID:1238 Time:2025-01-17 23:29:47 Called from PID:5613
[START] Type:Lekarz_Specjalista ID:1236 Time:2025-01-17 23:29:47 Called from PID:5611
[START] Type:Lekarz_Specjalista ID:1239 Time:2025-01-17 23:29:47 Called from PID:5614
[START] Type:Pacjent ID:0 Time:2025-01-17 23:29:47 Called from PID:5615
[PRZYJSCIE] Type:Pacjent ID:0 Time:2025-01-17 23:29:47 Called from PID:5615
[START] Type:Pacjent ID:1 Time:2025-01-17 23:29:47 Called from PID:5616
[PRZYJSCIE] Type:Pacjent ID:1 Time:2025-01-17 23:29:47 Called from PID:5616
[START] Type:Pacjent ID:2 Time:2025-01-17 23:29:48 Called from PID:5617
[PRZYJSCIE] Type:Pacjent ID:2 Time:2025-01-17 23:29:48 Called from PID:5617
[START] Type:Pacjent ID:3 Time:2025-01-17 23:29:49 Called from PID:5618
[PRZYJSCIE] Type:Pacjent ID:3 Time:2025-01-17 23:29:49 Called from PID:5618
[START] Type:Pacjent ID:4 Time:2025-01-17 23:29:50 Called from PID:5619
[PRZYJSCIE] Type:Pacjent ID:4 Time:2025-01-17 23:29:50 Called from PID:5619
[START] Type:Pacjent ID:5 Time:2025-01-17 23:29:51 Called from PID:5620
[PRZYJSCIE] Type:Pacjent ID:5 Time:2025-01-17 23:29:51 Called from PID:5620
[START] Type:Pacjent ID:6 Time:2025-01-17 23:29:52 Called from PID:5621
[PRZYJSCIE] Type:Pacjent ID:6 Time:2025-01-17 23:29:52 Called from PID:5621
[START] Type:Pacjent ID:7 Time:2025-01-17 23:29:53 Called from PID:5622
[PRZYJSCIE] Type:Pacjent ID:7 Time:2025-01-17 23:29:53 Called from PID:5622
[START] Type:Pacjent ID:8 Time:2025-01-17 23:29:54 Called from PID:5623
[PRZYJSCIE] Type:Pacjent ID:8 Time:2025-01-17 23:29:54 Called from PID:5623
[START] Type:Pacjent ID:9 Time:2025-01-17 23:29:55 Called from PID:5624
[PRZYJSCIE] Type:Pacjent ID:9 Time:2025-01-17 23:29:55 Called from PID:5624
[START] Type:Pacjent ID:10 Time:2025-01-17 23:29:56 Called from PID:5625
[PRZYJSCIE] Type:Pacjent ID:10 Time:2025-01-17 23:29:56 Called from PID:5625
[START] Type:Pacjent ID:11 Time:2025-01-17 23:29:57 Called from PID:5626
[PRZYJSCIE] Type:Pacjent ID:11 Time:2025-01-17 23:29:57 Called from PID:5626
[START] Type:Pacjent ID:12 Time:2025-01-17 23:29:58 Called from PID:5627
[PRZYJSCIE] Type:Pacjent ID:12 Time:2025-01-17 23:29:58 Called from PID:5627
[START] Type:Pacjent ID:13 Time:2025-01-17 23:29:59 Called from PID:5628
[PRZYJSCIE] Type:Pacjent ID:13 Time:2025-01-17 23:29:59 Called from PID:5628
[CZEKANIE] Type:Pacjent ID:0 Time:2025-01-17 23:30:00 Called from PID:5615
[CZEKANIE] Type:Pacjent ID:1 Time:2025-01-17 23:30:00 Called from PID:5616
[CZEKANIE] Type:Pacjent ID:3 Time:2025-01-17 23:30:00 Called from PID:5618
[CZEKANIE] Type:Pacjent ID:2 Time:2025-01-17 23:30:00 Called from PID:5617
[CZEKANIE] Type:Pacjent ID:4 Time:2025-01-17 23:30:00 Called from PID:5619
[CZEKANIE] Type:Pacjent ID:5 Time:2025-01-17 23:30:00 Called from PID:5620
[CZEKANIE] Type:Pacjent ID:7 Time:2025-01-17 23:30:00 Called from PID:5622
[CZEKANIE] Type:Pacjent ID:6 Time:2025-01-17 23:30:00 Called from PID:5621
[CZEKANIE] Type:Pacjent ID:8 Time:2025-01-17 23:30:00 Called from PID:5623
[CZEKANIE] Type:Pacjent ID:9 Time:2025-01-17 23:30:00 Called from PID:5624
[CZEKANIE] Type:Pacjent ID:10 Time:2025-01-17 23:30:00 Called from PID:5625
[CZEKANIE] Type:Pacjent ID:11 Time:2025-01-17 23:30:00 Called from PID:5626
[CZEKANIE] Type:Pacjent ID:12 Time:2025-01-17 23:30:00 Called from PID:5627
[START] Type:Pacjent ID:14 Time:2025-01-17 23:30:00 Called from PID:5629
[PRZYJSCIE] Type:Pacjent ID:14 Time:2025-01-17 23:30:00 Called from PID:5629
[CZEKANIE] Type:Pacjent ID:14 Time:2025-01-17 23:30:00 Called from PID:5629
[CZEKANIE] Type:Pacjent ID:13 Time:2025-01-17 23:30:00 Called from PID:5628
[CZEKANIE] Type:Pacjent ID:0 Time:2025-01-17 23:30:02 Called from PID:5615
[CZEKANIE] Type:Pacjent ID:1 Time:2025-01-17 23:30:02 Called from PID:5616
[CZEKANIE] Type:Pacjent ID:3 Time:2025-01-17 23:30:02 Called from PID:5618
[CZEKANIE] Type:Pacjent ID:2 Time:2025-01-17 23:30:02 Called from PID:5617
[CZEKANIE] Type:Pacjent ID:4 Time:2025-01-17 23:30:02 Called from PID:5619
[CZEKANIE] Type:Pacjent ID:5 Time:2025-01-17 23:30:02 Called from PID:5620
[CZEKANIE] Type:Pacjent ID:7 Time:2025-01-17 23:30:02 Called from PID:5622
[CZEKANIE] Type:Pacjent ID:6 Time:2025-01-17 23:30:02 Called from PID:5621
[CZEKANIE] Type:Pacjent ID:8 Time:2025-01-17 23:30:02 Called from PID:5623
[CZEKANIE] Type:Pacjent ID:9 Time:2025-01-17 23:30:02 Called from PID:5624
[CZEKANIE] Type:Pacjent ID:10 Time:2025-01-17 23:30:02 Called from PID:5625
[CZEKANIE] Type:Pacjent ID:11 Time:2025-01-17 23:30:02 Called from PID:5626
[CZEKANIE] Type:Pacjent ID:12 Time:2025-01-17 23:30:02 Called from PID:5627
[CZEKANIE] Type:Pacjent ID:14 Time:2025-01-17 23:30:02 Called from PID:5629
[CZEKANIE] Type:Pacjent ID:13 Time:2025-01-17 23:30:02 Called from PID:5628
[CZEKANIE] Type:Pacjent ID:0 Time:2025-01-17 23:30:04 Called from PID:5615
[CZEKANIE] Type:Pacjent ID:1 Time:2025-01-17 23:30:04 Called from PID:5616
[CZEKANIE] Type:Pacjent ID:3 Time:2025-01-17 23:30:04 Called from PID:5618
[CZEKANIE] Type:Pacjent ID:2 Time:2025-01-17 23:30:04 Called from PID:5617
[CZEKANIE] Type:Pacjent ID:4 Time:2025-01-17 23:30:04 Called from PID:5619
[CZEKANIE] Type:Pacjent ID:5 Time:2025-01-17 23:30:04 Called from PID:5620
[CZEKANIE] Type:Pacjent ID:6 Time:2025-01-17 23:30:04 Called from PID:5621
[CZEKANIE] Type:Pacjent ID:7 Time:2025-01-17 23:30:04 Called from PID:5622
[CZEKANIE] Type:Pacjent ID:8 Time:2025-01-17 23:30:04 Called from PID:5623
[CZEKANIE] Type:Pacjent ID:9 Time:2025-01-17 23:30:04 Called from PID:5624
[CZEKANIE] Type:Pacjent ID:10 Time:2025-01-17 23:30:04 Called from PID:5625
[CZEKANIE] Type:Pacjent ID:11 Time:2025-01-17 23:30:04 Called from PID:5626
[CZEKANIE] Type:Pacjent ID:12 Time:2025-01-17 23:30:04 Called from PID:5627
[CZEKANIE] Type:Pacjent ID:14 Time:2025-01-17 23:30:04 Called from PID:5629
[CZEKANIE] Type:Pacjent ID:13 Time:2025-01-17 23:30:04 Called from PID:5628
[CZEKANIE] Type:Pacjent ID:0 Time:2025-01-17 23:30:06 Called from PID:5615
[CZEKANIE] Type:Pacjent ID:1 Time:2025-01-17 23:30:06 Called from PID:5616
[CZEKANIE] Type:Pacjent ID:3 Time:2025-01-17 23:30:06 Called from PID:5618
[CZEKANIE] Type:Pacjent ID:2 Time:2025-01-17 23:30:06 Called from PID:5617
[CZEKANIE] Type:Pacjent ID:4 Time:2025-01-17 23:30:06 Called from PID:5619
[CZEKANIE] Type:Pacjent ID:5 Time:2025-01-17 23:30:06 Called from PID:5620
[CZEKANIE] Type:Pacjent ID:7 Time:2025-01-17 23:30:06 Called from PID:5622
[CZEKANIE] Type:Pacjent ID:6 Time:2025-01-17 23:30:06 Called from PID:5621
[CZEKANIE] Type:Pacjent ID:8 Time:2025-01-17 23:30:06 Called from PID:5623
[CZEKANIE] Type:Pacjent ID:9 Time:2025-01-17 23:30:06 Called from PID:5624
[CZEKANIE] Type:Pacjent ID:10 Time:2025-01-17 23:30:06 Called from PID:5625
[CZEKANIE] Type:Pacjent ID:11 Time:2025-01-17 23:30:06 Called from PID:5626
[CZEKANIE] Type:Pacjent ID:12 Time:2025-01-17 23:30:06 Called from PID:5627
[CZEKANIE] Type:Pacjent ID:14 Time:2025-01-17 23:30:06 Called from PID:5629
[CZEKANIE] Type:Pacjent ID:13 Time:2025-01-17 23:30:06 Called from PID:5628
[CZEKANIE] Type:Pacjent ID:0 Time:2025-01-17 23:30:08 Called from PID:5615
[CZEKANIE] Type:Pacjent ID:1 Time:2025-01-17 23:30:08 Called from PID:5616
[CZEKANIE] Type:Pacjent ID:3 Time:2025-01-17 23:30:08 Called from PID:5618
[CZEKANIE] Type:Pacjent ID:2 Time:2025-01-17 23:30:08 Called from PID:5617
[CZEKANIE] Type:Pacjent ID:4 Time:2025-01-17 23:30:08 Called from PID:5619
[CZEKANIE] Type:Pacjent ID:5 Time:2025-01-17 23:30:08 Called from PID:5620
[CZEKANIE] Type:Pacjent ID:6 Time:2025-01-17 23:30:08 Called from PID:5621
[CZEKANIE] Type:Pacjent ID:7 Time:2025-01-17 23:30:08 Called from PID:5622
[CZEKANIE] Type:Pacjent ID:8 Time:2025-01-17 23:30:08 Called from PID:5623
[CZEKANIE] Type:Pacjent ID:9 Time:2025-01-17 23:30:08 Called from PID:5624
[CZEKANIE] Type:Pacjent ID:10 Time:2025-01-17 23:30:08 Called from PID:5625
[CZEKANIE] Type:Pacjent ID:11 Time:2025-01-17 23:30:08 Called from PID:5626
[CZEKANIE] Type:Pacjent ID:12 Time:2025-01-17 23:30:08 Called from PID:5627
[CZEKANIE] Type:Pacjent ID:14 Time:2025-01-17 23:30:08 Called from PID:5629
[CZEKANIE] Type:Pacjent ID:13 Time:2025-01-17 23:30:08 Called from PID:5628
[CZEKANIE] Type:Pacjent ID:0 Time:2025-01-17 23:30:10 Called from PID:5615
[CZEKANIE] Type:Pacjent ID:1 Time:2025-01-17 23:30:10 Called from PID:5616
[CZEKANIE] Type:Pacjent ID:3 Time:2025-01-17 23:30:10 Called from PID:5618
[CZEKANIE] Type:Pacjent ID:2 Time:2025-01-17 23:30:10 Called from PID:5617
[CZEKANIE] Type:Pacjent ID:4 Time:2025-01-17 23:30:10 Called from PID:5619
[CZEKANIE] Type:Pacjent ID:5 Time:2025-01-17 23:30:10 Called from PID:5620
[CZEKANIE] Type:Pacjent ID:6 Time:2025-01-17 23:30:10 Called from PID:5621
[CZEKANIE] Type:Pacjent ID:7 Time:2025-01-17 23:30:10 Called from PID:5622
[CZEKANIE] Type:Pacjent ID:8 Time:2025-01-17 23:30:10 Called from PID:5623
[CZEKANIE] Type:Pacjent ID:9 Time:2025-01-17 23:30:10 Called from PID:5624
[CZEKANIE] Type:Pacjent ID:10 Time:2025-01-17 23:30:10 Called from PID:5625
[CZEKANIE] Type:Pacjent ID:11 Time:2025-01-17 23:30:10 Called from PID:5626
[CZEKANIE] Type:Pacjent ID:12 Time:2025-01-17 23:30:10 Called from PID:5627
[CZEKANIE] Type:Pacjent ID:14 Time:2025-01-17 23:30:10 Called from PID:5629
[CZEKANIE] Type:Pacjent ID:13 Time:2025-01-17 23:30:10 Called from PID:5628
[CZEKANIE] Type:Pacjent ID:0 Time:2025-01-17 23:30:12 Called from PID:5615
[CZEKANIE] Type:Pacjent ID:1 Time:2025-01-17 23:30:12 Called from PID:5616
[CZEKANIE] Type:Pacjent ID:3 Time:2025-01-17 23:30:12 Called from PID:5618
[CZEKANIE] Type:Pacjent ID:2 Time:2025-01-17 23:30:12 Called from PID:5617
[CZEKANIE] Type:Pacjent ID:4 Time:2025-01-17 23:30:12 Called from PID:5619
[CZEKANIE] Type:Pacjent ID:5 Time:2025-01-17 23:30:12 Called from PID:5620
[CZEKANIE] Type:Pacjent ID:6 Time:2025-01-17 23:30:12 Called from PID:5621
[CZEKANIE] Type:Pacjent ID:7 Time:2025-01-17 23:30:12 Called from PID:5622
[CZEKANIE] Type:Pacjent ID:8 Time:2025-01-17 23:30:12 Called from PID:5623
[CZEKANIE] Type:Pacjent ID:9 Time:2025-01-17 23:30:12 Called from PID:5624
[CZEKANIE] Type:Pacjent ID:10 Time:2025-01-17 23:30:12 Called from PID:5625
[CZEKANIE] Type:Pacjent ID:11 Time:2025-01-17 23:30:12 Called from PID:5626
[CZEKANIE] Type:Pacjent ID:12 Time:2025-01-17 23:30:12 Called from PID:5627
[CZEKANIE] Type:Pacjent ID:14 Time:2025-01-17 23:30:12 Called from PID:5629
[CZEKANIE] Type:Pacjent ID:13 Time:2025-01-17 23:30:12 Called from PID:5628
[CZEKANIE] Type:Pacjent ID:0 Time:2025-01-17 23:30:14 Called from PID:5615
[CZEKANIE] Type:Pacjent ID:1 Time:2025-01-17 23:30:14 Called from PID:5616
[CZEKANIE] Type:Pacjent ID:3 Time:2025-01-17 23:30:14 Called from PID:5618
[CZEKANIE] Type:Pacjent ID:2 Time:2025-01-17 23:30:14 Called from PID:5617
[CZEKANIE] Type:Pacjent ID:4 Time:2025-01-17 23:30:14 Called from PID:5619
[CZEKANIE] Type:Pacjent ID:5 Time:2025-01-17 23:30:14 Called from PID:5620
[CZEKANIE] Type:Pacjent ID:6 Time:2025-01-17 23:30:14 Called from PID:5621
[CZEKANIE] Type:Pacjent ID:7 Time:2025-01-17 23:30:14 Called from PID:5622
[CZEKANIE] Type:Pacjent ID:8 Time:2025-01-17 23:30:14 Called from PID:5623
[CZEKANIE] Type:Pacjent ID:9 Time:2025-01-17 23:30:14 Called from PID:5624
[CZEKANIE] Type:Pacjent ID:10 Time:2025-01-17 23:30:14 Called from PID:5625
[CZEKANIE] Type:Pacjent ID:11 Time:2025-01-17 23:30:14 Called from PID:5626
[CZEKANIE] Type:Pacjent ID:12 Time:2025-01-17 23:30:14 Called from PID:5627
[CZEKANIE] Type:Pacjent ID:14 Time:2025-01-17 23:30:14 Called from PID:5629
[CZEKANIE] Type:Pacjent ID:13 Time:2025-01-17 23:30:14 Called from PID:5628
[CZEKANIE] Type:Pacjent ID:0 Time:2025-01-17 23:30:16 Called from PID:5615
[CZEKANIE] Type:Pacjent ID:1 Time:2025-01-17 23:30:16 Called from PID:5616
[CZEKANIE] Type:Pacjent ID:2 Time:2025-01-17 23:30:16 Called from PID:5617
[CZEKANIE] Type:Pacjent ID:3 Time:2025-01-17 23:30:16 Called from PID:5618
[CZEKANIE] Type:Pacjent ID:4 Time:2025-01-17 23:30:16 Called from PID:5619
[CZEKANIE] Type:Pacjent ID:5 Time:2025-01-17 23:30:16 Called from PID:5620
[CZEKANIE] Type:Pacjent ID:7 Time:2025-01-17 23:30:16 Called from PID:5622
[CZEKANIE] Type:Pacjent ID:6 Time:2025-01-17 23:30:16 Called from PID:5621
[CZEKANIE] Type:Pacjent ID:8 Time:2025-01-17 23:30:16 Called from PID:5623
[CZEKANIE] Type:Pacjent ID:9 Time:2025-01-17 23:30:16 Called from PID:5624
[CZEKANIE] Type:Pacjent ID:10 Time:2025-01-17 23:30:16 Called from PID:5625
[CZEKANIE] Type:Pacjent ID:11 Time:2025-01-17 23:30:16 Called from PID:5626
[CZEKANIE] Type:Pacjent ID:12 Time:2025-01-17 23:30:16 Called from PID:5627
[CZEKANIE] Type:Pacjent ID:14 Time:2025-01-17 23:30:16 Called from PID:5629
[CZEKANIE] Type:Pacjent ID:13 Time:2025-01-17 23:30:16 Called from PID:5628
[CZEKANIE] Type:Pacjent ID:0 Time:2025-01-17 23:30:18 Called from PID:5615
[CZEKANIE] Type:Pacjent ID:1 Time:2025-01-17 23:30:18 Called from PID:5616
[CZEKANIE] Type:Pacjent ID:2 Time:2025-01-17 23:30:18 Called from PID:5617
[CZEKANIE] Type:Pacjent ID:3 Time:2025-01-17 23:30:18 Called from PID:5618
[CZEKANIE] Type:Pacjent ID:4 Time:2025-01-17 23:30:18 Called from PID:5619
[CZEKANIE] Type:Pacjent ID:5 Time:2025-01-17 23:30:18 Called from PID:5620
[CZEKANIE] Type:Pacjent ID:7 Time:2025-01-17 23:30:18 Called from PID:5622
[CZEKANIE] Type:Pacjent ID:6 Time:2025-01-17 23:30:18 Called from PID:5621
[CZEKANIE] Type:Pacjent ID:8 Time:2025-01-17 23:30:18 Called from PID:5623
[CZEKANIE] Type:Pacjent ID:9 Time:2025-01-17 23:30:18 Called from PID:5624
[CZEKANIE] Type:Pacjent ID:10 Time:2025-01-17 23:30:18 Called from PID:5625
[CZEKANIE] Type:Pacjent ID:11 Time:2025-01-17 23:30:18 Called from PID:5626
[CZEKANIE] Type:Pacjent ID:12 Time:2025-01-17 23:30:18 Called from PID:5627
[CZEKANIE] Type:Pacjent ID:14 Time:2025-01-17 23:30:18 Called from PID:5629
[CZEKANIE] Type:Pacjent ID:13 Time:2025-01-17 23:30:18 Called from PID:5628
[CZEKANIE] Type:Pacjent ID:0 Time:2025-01-17 23:30:20 Called from PID:5615
[CZEKANIE] Type:Pacjent ID:1 Time:2025-01-17 23:30:20 Called from PID:5616
[CZEKANIE] Type:Pacjent ID:2 Time:2025-01-17 23:30:20 Called from PID:5617
[CZEKANIE] Type:Pacjent ID:3 Time:2025-01-17 23:30:20 Called from PID:5618
[CZEKANIE] Type:Pacjent ID:4 Time:2025-01-17 23:30:20 Called from PID:5619
[CZEKANIE] Type:Pacjent ID:5 Time:2025-01-17 23:30:20 Called from PID:5620
[CZEKANIE] Type:Pacjent ID:7 Time:2025-01-17 23:30:20 Called from PID:5622
[CZEKANIE] Type:Pacjent ID:6 Time:2025-01-17 23:30:20 Called from PID:5621
[CZEKANIE] Type:Pacjent ID:8 Time:2025-01-17 23:30:20 Called from PID:5623
[CZEKANIE] Type:Pacjent ID:9 Time:2025-01-17 23:30:20 Called from PID:5624
[CZEKANIE] Type:Pacjent ID:10 Time:2025-01-17 23:30:20 Called from PID:5625
[CZEKANIE] Type:Pacjent ID:11 Time:2025-01-17 23:30:20 Called from PID:5626
[CZEKANIE] Type:Pacjent ID:12 Time:2025-01-17 23:30:20 Called from PID:5627
[CZEKANIE] Type:Pacjent ID:14 Time:2025-01-17 23:30:20 Called from PID:5629
[CZEKANIE] Type:Pacjent ID:13 Time:2025-01-17 23:30:20 Called from PID:5628
[CZEKANIE] Type:Pacjent ID:0 Time:2025-01-17 23:30:22 Called from PID:5615
[CZEKANIE] Type:Pacjent ID:1 Time:2025-01-17 23:30:22 Called from PID:5616
[CZEKANIE] Type:Pacjent ID:3 Time:2025-01-17 23:30:22 Called from PID:5618
[CZEKANIE] Type:Pacjent ID:2 Time:2025-01-17 23:30:22 Called from PID:5617
[CZEKANIE] Type:Pacjent ID:4 Time:2025-01-17 23:30:22 Called from PID:5619
[CZEKANIE] Type:Pacjent ID:5 Time:2025-01-17 23:30:22 Called from PID:5620
[CZEKANIE] Type:Pacjent ID:7 Time:2025-01-17 23:30:22 Called from PID:5622
[CZEKANIE] Type:Pacjent ID:6 Time:2025-01-17 23:30:22 Called from PID:5621
[CZEKANIE] Type:Pacjent ID:8 Time:2025-01-17 23:30:22 Called from PID:5623
[CZEKANIE] Type:Pacjent ID:10 Time:2025-01-17 23:30:22 Called from PID:5625
[CZEKANIE] Type:Pacjent ID:9 Time:2025-01-17 23:30:22 Called from PID:5624
[CZEKANIE] Type:Pacjent ID:11 Time:2025-01-17 23:30:22 Called from PID:5626
[CZEKANIE] Type:Pacjent ID:12 Time:2025-01-17 23:30:22 Called from PID:5627
[CZEKANIE] Type:Pacjent ID:14 Time:2025-01-17 23:30:22 Called from PID:5629
[CZEKANIE] Type:Pacjent ID:13 Time:2025-01-17 23:30:22 Called from PID:5628
[CZEKANIE] Type:Pacjent ID:0 Time:2025-01-17 23:30:24 Called from PID:5615
[CZEKANIE] Type:Pacjent ID:1 Time:2025-01-17 23:30:24 Called from PID:5616
[CZEKANIE] Type:Pacjent ID:3 Time:2025-01-17 23:30:24 Called from PID:5618
[CZEKANIE] Type:Pacjent ID:2 Time:2025-01-17 23:30:24 Called from PID:5617
[CZEKANIE] Type:Pacjent ID:4 Time:2025-01-17 23:30:24 Called from PID:5619
[CZEKANIE] Type:Pacjent ID:5 Time:2025-01-17 23:30:24 Called from PID:5620
[CZEKANIE] Type:Pacjent ID:7 Time:2025-01-17 23:30:24 Called from PID:5622
[CZEKANIE] Type:Pacjent ID:6 Time:2025-01-17 23:30:24 Called from PID:5621
[CZEKANIE] Type:Pacjent ID:8 Time:2025-01-17 23:30:24 Called from PID:5623
[CZEKANIE] Type:Pacjent ID:10 Time:2025-01-17 23:30:24 Called from PID:5625
[CZEKANIE] Type:Pacjent ID:9 Time:2025-01-17 23:30:24 Called from PID:5624
[CZEKANIE] Type:Pacjent ID:11 Time:2025-01-17 23:30:24 Called from PID:5626
[CZEKANIE] Type:Pacjent ID:12 Time:2025-01-17 23:30:24 Called from PID:5627
[CZEKANIE] Type:Pacjent ID:13 Time:2025-01-17 23:30:24 Called from PID:5628
[CZEKANIE] Type:Pacjent ID:14 Time:2025-01-17 23:30:24 Called from PID:5629
[CZEKANIE] Type:Pacjent ID:0 Time:2025-01-17 23:30:26 Called from PID:5615
[CZEKANIE] Type:Pacjent ID:1 Time:2025-01-17 23:30:26 Called from PID:5616
[CZEKANIE] Type:Pacjent ID:3 Time:2025-01-17 23:30:26 Called from PID:5618
[CZEKANIE] Type:Pacjent ID:2 Time:2025-01-17 23:30:26 Called from PID:5617
[CZEKANIE] Type:Pacjent ID:4 Time:2025-01-17 23:30:26 Called from PID:5619
[CZEKANIE] Type:Pacjent ID:5 Time:2025-01-17 23:30:26 Called from PID:5620
[CZEKANIE] Type:Pacjent ID:7 Time:2025-01-17 23:30:26 Called from PID:5622
[CZEKANIE] Type:Pacjent ID:6 Time:2025-01-17 23:30:26 Called from PID:5621
[CZEKANIE] Type:Pacjent ID:8 Time:2025-01-17 23:30:26 Called from PID:5623
[CZEKANIE] Type:Pacjent ID:9 Time:2025-01-17 23:30:26 Called from PID:5624
[CZEKANIE] Type:Pacjent ID:10 Time:2025-01-17 23:30:26 Called from PID:5625
[CZEKANIE] Type:Pacjent ID:11 Time:2025-01-17 23:30:26 Called from PID:5626
[CZEKANIE] Type:Pacjent ID:12 Time:2025-01-17 23:30:26 Called from PID:5627
[CZEKANIE] Type:Pacjent ID:13 Time:2025-01-17 23:30:26 Called from PID:5628
[CZEKANIE] Type:Pacjent ID:14 Time:2025-01-17 23:30:26 Called from PID:5629
[CZEKANIE] Type:Pacjent ID:0 Time:2025-01-17 23:30:28 Called from PID:5615
[CZEKANIE] Type:Pacjent ID:1 Time:2025-01-17 23:30:28 Called from PID:5616
[CZEKANIE] Type:Pacjent ID:2 Time:2025-01-17 23:30:28 Called from PID:5617
[CZEKANIE] Type:Pacjent ID:3 Time:2025-01-17 23:30:28 Called from PID:5618
[CZEKANIE] Type:Pacjent ID:4 Time:2025-01-17 23:30:28 Called from PID:5619
[CZEKANIE] Type:Pacjent ID:5 Time:2025-01-17 23:30:28 Called from PID:5620
[CZEKANIE] Type:Pacjent ID:7 Time:2025-01-17 23:30:28 Called from PID:5622
[CZEKANIE] Type:Pacjent ID:6 Time:2025-01-17 23:30:28 Called from PID:5621
[CZEKANIE] Type:Pacjent ID:10 Time:2025-01-17 23:30:28 Called from PID:5625
[CZEKANIE] Type:Pacjent ID:9 Time:2025-01-17 23:30:28 Called from PID:5624
[CZEKANIE] Type:Pacjent ID:8 Time:2025-01-17 23:30:28 Called from PID:5623
[CZEKANIE] Type:Pacjent ID:11 Time:2025-01-17 23:30:28 Called from PID:5626
[CZEKANIE] Type:Pacjent ID:12 Time:2025-01-17 23:30:28 Called from PID:5627
[CZEKANIE] Type:Pacjent ID:13 Time:2025-01-17 23:30:28 Called from PID:5628
[CZEKANIE] Type:Pacjent ID:14 Time:2025-01-17 23:30:28 Called from PID:5629
[CZEKANIE] Type:Pacjent ID:0 Time:2025-01-17 23:30:30 Called from PID:5615
[CZEKANIE] Type:Pacjent ID:1 Time:2025-01-17 23:30:30 Called from PID:5616
[CZEKANIE] Type:Pacjent ID:3 Time:2025-01-17 23:30:30 Called from PID:5618
[CZEKANIE] Type:Pacjent ID:2 Time:2025-01-17 23:30:30 Called from PID:5617
[CZEKANIE] Type:Pacjent ID:4 Time:2025-01-17 23:30:30 Called from PID:5619
[CZEKANIE] Type:Pacjent ID:5 Time:2025-01-17 23:30:30 Called from PID:5620
[CZEKANIE] Type:Pacjent ID:7 Time:2025-01-17 23:30:30 Called from PID:5622
[CZEKANIE] Type:Pacjent ID:10 Time:2025-01-17 23:30:30 Called from PID:5625
[CZEKANIE] Type:Pacjent ID:9 Time:2025-01-17 23:30:30 Called from PID:5624
[CZEKANIE] Type:Pacjent ID:6 Time:2025-01-17 23:30:30 Called from PID:5621
[CZEKANIE] Type:Pacjent ID:8 Time:2025-01-17 23:30:30 Called from PID:5623
[CZEKANIE] Type:Pacjent ID:11 Time:2025-01-17 23:30:30 Called from PID:5626
[CZEKANIE] Type:Pacjent ID:13 Time:2025-01-17 23:30:30 Called from PID:5628
[CZEKANIE] Type:Pacjent ID:12 Time:2025-01-17 23:30:30 Called from PID:5627
[CZEKANIE] Type:Pacjent ID:14 Time:2025-01-17 23:30:30 Called from PID:5629
[CZEKANIE] Type:Pacjent ID:0 Time:2025-01-17 23:30:32 Called from PID:5615
[CZEKANIE] Type:Pacjent ID:1 Time:2025-01-17 23:30:32 Called from PID:5616
[CZEKANIE] Type:Pacjent ID:3 Time:2025-01-17 23:30:32 Called from PID:5618
[CZEKANIE] Type:Pacjent ID:2 Time:2025-01-17 23:30:32 Called from PID:5617
[CZEKANIE] Type:Pacjent ID:4 Time:2025-01-17 23:30:32 Called from PID:5619
[CZEKANIE] Type:Pacjent ID:5 Time:2025-01-17 23:30:32 Called from PID:5620
[CZEKANIE] Type:Pacjent ID:7 Time:2025-01-17 23:30:32 Called from PID:5622
[CZEKANIE] Type:Pacjent ID:10 Time:2025-01-17 23:30:32 Called from PID:5625
[CZEKANIE] Type:Pacjent ID:9 Time:2025-01-17 23:30:32 Called from PID:5624
[CZEKANIE] Type:Pacjent ID:6 Time:2025-01-17 23:30:32 Called from PID:5621
[CZEKANIE] Type:Pacjent ID:8 Time:2025-01-17 23:30:32 Called from PID:5623
[CZEKANIE] Type:Pacjent ID:11 Time:2025-01-17 23:30:32 Called from PID:5626
[CZEKANIE] Type:Pacjent ID:12 Time:2025-01-17 23:30:32 Called from PID:5627
[CZEKANIE] Type:Pacjent ID:13 Time:2025-01-17 23:30:32 Called from PID:5628
[CZEKANIE] Type:Pacjent ID:14 Time:2025-01-17 23:30:32 Called from PID:5629
[CZEKANIE] Type:Pacjent ID:0 Time:2025-01-17 23:30:34 Called from PID:5615
[CZEKANIE] Type:Pacjent ID:1 Time:2025-01-17 23:30:34 Called from PID:5616
[CZEKANIE] Type:Pacjent ID:2 Time:2025-01-17 23:30:34 Called from PID:5617
[CZEKANIE] Type:Pacjent ID:3 Time:2025-01-17 23:30:34 Called from PID:5618
[CZEKANIE] Type:Pacjent ID:4 Time:2025-01-17 23:30:34 Called from PID:5619
[CZEKANIE] Type:Pacjent ID:5 Time:2025-01-17 23:30:34 Called from PID:5620
[CZEKANIE] Type:Pacjent ID:7 Time:2025-01-17 23:30:34 Called from PID:5622
[CZEKANIE] Type:Pacjent ID:8 Time:2025-01-17 23:30:34 Called from PID:5623
[CZEKANIE] Type:Pacjent ID:9 Time:2025-01-17 23:30:34 Called from PID:5624
[CZEKANIE] Type:Pacjent ID:10 Time:2025-01-17 23:30:34 Called from PID:5625
[CZEKANIE] Type:Pacjent ID:6 Time:2025-01-17 23:30:34 Called from PID:5621
[CZEKANIE] Type:Pacjent ID:11 Time:2025-01-17 23:30:34 Called from PID:5626
[CZEKANIE] Type:Pacjent ID:12 Time:2025-01-17 23:30:34 Called from PID:5627
[CZEKANIE] Type:Pacjent ID:13 Time:2025-01-17 23:30:34 Called from PID:5628
[CZEKANIE] Type:Pacjent ID:14 Time:2025-01-17 23:30:34 Called from PID:5629
[CZEKANIE] Type:Pacjent ID:0 Time:2025-01-17 23:30:36 Called from PID:5615
[CZEKANIE] Type:Pacjent ID:1 Time:2025-01-17 23:30:36 Called from PID:5616
[CZEKANIE] Type:Pacjent ID:2 Time:2025-01-17 23:30:36 Called from PID:5617
[CZEKANIE] Type:Pacjent ID:3 Time:2025-01-17 23:30:36 Called from PID:5618
[CZEKANIE] Type:Pacjent ID:4 Time:2025-01-17 23:30:36 Called from PID:5619
[CZEKANIE] Type:Pacjent ID:5 Time:2025-01-17 23:30:36 Called from PID:5620
[CZEKANIE] Type:Pacjent ID:7 Time:2025-01-17 23:30:36 Called from PID:5622
[CZEKANIE] Type:Pacjent ID:10 Time:2025-01-17 23:30:36 Called from PID:5625
[CZEKANIE] Type:Pacjent ID:8 Time:2025-01-17 23:30:36 Called from PID:5623
[CZEKANIE] Type:Pacjent ID:9 Time:2025-01-17 23:30:36 Called from PID:5624
[CZEKANIE] Type:Pacjent ID:6 Time:2025-01-17 23:30:36 Called from PID:5621
[CZEKANIE] Type:Pacjent ID:11 Time:2025-01-17 23:30:36 Called from PID:5626
[CZEKANIE] Type:Pacjent ID:13 Time:2025-01-17 23:30:36 Called from PID:5628
[CZEKANIE] Type:Pacjent ID:12 Time:2025-01-17 23:30:36 Called from PID:5627
[CZEKANIE] Type:Pacjent ID:14 Time:2025-01-17 23:30:36 Called from PID:5629
[CZEKANIE] Type:Pacjent ID:0 Time:2025-01-17 23:30:38 Called from PID:5615
[CZEKANIE] Type:Pacjent ID:1 Time:2025-01-17 23:30:38 Called from PID:5616
[CZEKANIE] Type:Pacjent ID:2 Time:2025-01-17 23:30:38 Called from PID:5617
[CZEKANIE] Type:Pacjent ID:3 Time:2025-01-17 23:30:38 Called from PID:5618
[CZEKANIE] Type:Pacjent ID:4 Time:2025-01-17 23:30:38 Called from PID:5619
[CZEKANIE] Type:Pacjent ID:5 Time:2025-01-17 23:30:38 Called from PID:5620
[CZEKANIE] Type:Pacjent ID:7 Time:2025-01-17 23:30:38 Called from PID:5622
[CZEKANIE] Type:Pacjent ID:10 Time:2025-01-17 23:30:38 Called from PID:5625
[CZEKANIE] Type:Pacjent ID:8 Time:2025-01-17 23:30:38 Called from PID:5623
[CZEKANIE] Type:Pacjent ID:6 Time:2025-01-17 23:30:38 Called from PID:5621
[CZEKANIE] Type:Pacjent ID:9 Time:2025-01-17 23:30:38 Called from PID:5624
[CZEKANIE] Type:Pacjent ID:11 Time:2025-01-17 23:30:38 Called from PID:5626
[CZEKANIE] Type:Pacjent ID:13 Time:2025-01-17 23:30:38 Called from PID:5628
[CZEKANIE] Type:Pacjent ID:12 Time:2025-01-17 23:30:38 Called from PID:5627
[CZEKANIE] Type:Pacjent ID:14 Time:2025-01-17 23:30:38 Called from PID:5629
[CZEKANIE] Type:Pacjent ID:0 Time:2025-01-17 23:30:40 Called from PID:5615
[CZEKANIE] Type:Pacjent ID:1 Time:2025-01-17 23:30:40 Called from PID:5616
[CZEKANIE] Type:Pacjent ID:3 Time:2025-01-17 23:30:40 Called from PID:5618
[CZEKANIE] Type:Pacjent ID:2 Time:2025-01-17 23:30:40 Called from PID:5617
[CZEKANIE] Type:Pacjent ID:4 Time:2025-01-17 23:30:40 Called from PID:5619
[CZEKANIE] Type:Pacjent ID:5 Time:2025-01-17 23:30:40 Called from PID:5620
[CZEKANIE] Type:Pacjent ID:7 Time:2025-01-17 23:30:40 Called from PID:5622
[CZEKANIE] Type:Pacjent ID:10 Time:2025-01-17 23:30:40 Called from PID:5625
[CZEKANIE] Type:Pacjent ID:8 Time:2025-01-17 23:30:40 Called from PID:5623
[CZEKANIE] Type:Pacjent ID:6 Time:2025-01-17 23:30:40 Called from PID:5621
[CZEKANIE] Type:Pacjent ID:9 Time:2025-01-17 23:30:40 Called from PID:5624
[CZEKANIE] Type:Pacjent ID:11 Time:2025-01-17 23:30:40 Called from PID:5626
[CZEKANIE] Type:Pacjent ID:13 Time:2025-01-17 23:30:40 Called from PID:5628
[CZEKANIE] Type:Pacjent ID:12 Time:2025-01-17 23:30:40 Called from PID:5627
[CZEKANIE] Type:Pacjent ID:14 Time:2025-01-17 23:30:40 Called from PID:5629
[CZEKANIE] Type:Pacjent ID:0 Time:2025-01-17 23:30:42 Called from PID:5615
[CZEKANIE] Type:Pacjent ID:1 Time:2025-01-17 23:30:42 Called from PID:5616
[CZEKANIE] Type:Pacjent ID:3 Time:2025-01-17 23:30:42 Called from PID:5618
[CZEKANIE] Type:Pacjent ID:2 Time:2025-01-17 23:30:42 Called from PID:5617
[CZEKANIE] Type:Pacjent ID:4 Time:2025-01-17 23:30:42 Called from PID:5619
[CZEKANIE] Type:Pacjent ID:5 Time:2025-01-17 23:30:42 Called from PID:5620
[CZEKANIE] Type:Pacjent ID:7 Time:2025-01-17 23:30:42 Called from PID:5622
[CZEKANIE] Type:Pacjent ID:10 Time:2025-01-17 23:30:42 Called from PID:5625
[CZEKANIE] Type:Pacjent ID:6 Time:2025-01-17 23:30:42 Called from PID:5621
[CZEKANIE] Type:Pacjent ID:9 Time:2025-01-17 23:30:42 Called from PID:5624
[CZEKANIE] Type:Pacjent ID:8 Time:2025-01-17 23:30:42 Called from PID:5623
[CZEKANIE] Type:Pacjent ID:11 Time:2025-01-17 23:30:42 Called from PID:5626
[CZEKANIE] Type:Pacjent ID:13 Time:2025-01-17 23:30:42 Called from PID:5628
[CZEKANIE] Type:Pacjent ID:12 Time:2025-01-17 23:30:42 Called from PID:5627
[CZEKANIE] Type:Pacjent ID:14 Time:2025-01-17 23:30:42 Called from PID:5629
[CZEKANIE] Type:Pacjent ID:0 Time:2025-01-17 23:30:44 Called from PID:5615
[CZEKANIE] Type:Pacjent ID:1 Time:2025-01-17 23:30:44 Called from PID:5616
[CZEKANIE] Type:Pacjent ID:2 Time:2025-01-17 23:30:44 Called from PID:5617
[CZEKANIE] Type:Pacjent ID:3 Time:2025-01-17 23:30:44 Called from PID:5618
[CZEKANIE] Type:Pacjent ID:4 Time:2025-01-17 23:30:44 Called from PID:5619
[CZEKANIE] Type:Pacjent ID:5 Time:2025-01-17 23:30:44 Called from PID:5620
[CZEKANIE] Type:Pacjent ID:7 Time:2025-01-17 23:30:44 Called from PID:5622
[CZEKANIE] Type:Pacjent ID:6 Time:2025-01-17 23:30:44 Called from PID:5621
[CZEKANIE] Type:Pacjent ID:9 Time:2025-01-17 23:30:44 Called from PID:5624
[CZEKANIE] Type:Pacjent ID:8 Time:2025-01-17 23:30:44 Called from PID:5623
[CZEKANIE] Type:Pacjent ID:10 Time:2025-01-17 23:30:44 Called from PID:5625
[CZEKANIE] Type:Pacjent ID:11 Time:2025-01-17 23:30:44 Called from PID:5626
[CZEKANIE] Type:Pacjent ID:13 Time:2025-01-17 23:30:44 Called from PID:5628
[CZEKANIE] Type:Pacjent ID:14 Time:2025-01-17 23:30:44 Called from PID:5629
[CZEKANIE] Type:Pacjent ID:12 Time:2025-01-17 23:30:44 Called from PID:5627
[CZEKANIE] Type:Pacjent ID:0 Time:2025-01-17 23:30:46 Called from PID:5615
[CZEKANIE] Type:Pacjent ID:1 Time:2025-01-17 23:30:46 Called from PID:5616
[CZEKANIE] Type:Pacjent ID:2 Time:2025-01-17 23:30:46 Called from PID:5617
[CZEKANIE] Type:Pacjent ID:3 Time:2025-01-17 23:30:46 Called from PID:5618
[CZEKANIE] Type:Pacjent ID:4 Time:2025-01-17 23:30:46 Called from PID:5619
[CZEKANIE] Type:Pacjent ID:5 Time:2025-01-17 23:30:46 Called from PID:5620
[CZEKANIE] Type:Pacjent ID:6 Time:2025-01-17 23:30:46 Called from PID:5621
[CZEKANIE] Type:Pacjent ID:9 Time:2025-01-17 23:30:46 Called from PID:5624
[CZEKANIE] Type:Pacjent ID:7 Time:2025-01-17 23:30:46 Called from PID:5622
[CZEKANIE] Type:Pacjent ID:8 Time:2025-01-17 23:30:46 Called from PID:5623
[CZEKANIE] Type:Pacjent ID:10 Time:2025-01-17 23:30:46 Called from PID:5625
[CZEKANIE] Type:Pacjent ID:11 Time:2025-01-17 23:30:46 Called from PID:5626
[CZEKANIE] Type:Pacjent ID:13 Time:2025-01-17 23:30:46 Called from PID:5628
[CZEKANIE] Type:Pacjent ID:14 Time:2025-01-17 23:30:46 Called from PID:5629
[CZEKANIE] Type:Pacjent ID:12 Time:2025-01-17 23:30:46 Called from PID:5627
[START] Type:Zarzadca_Kolejka_Zewnetrzna ID:0 Time:2025-01-17 23:30:47 Called from PID:5661
[START] Type:Rejestracja ID:0 Time:2025-01-17 23:30:47 Called from PID:5662
[START] Type:Lekarz_POZ ID:1 Time:2025-01-17 23:30:47 Called from PID:5663
[START] Type:Lekarz_Specjalista ID:1236 Time:2025-01-17 23:30:47 Called from PID:5665
[START] Type:Lekarz_POZ ID:2 Time:2025-01-17 23:30:47 Called from PID:5664
[START] Type:Lekarz_Specjalista ID:1237 Time:2025-01-17 23:30:47 Called from PID:5666
[START] Type:Lekarz_Specjalista ID:1238 Time:2025-01-17 23:30:47 Called from PID:5667
[START] Type:Lekarz_Specjalista ID:1239 Time:2025-01-17 23:30:47 Called from PID:5668
[START] Type:Pacjent ID:1 Time:2025-01-17 23:30:48 Called from PID:5670
[PRZYJSCIE] Type:Pacjent ID:1 Time:2025-01-17 23:30:48 Called from PID:5670
[CZEKANIE] Type:Pacjent ID:1 Time:2025-01-17 23:30:48 Called from PID:5670
[START] Type:Pacjent ID:2 Time:2025-01-17 23:30:49 Called from PID:5671
[PRZYJSCIE] Type:Pacjent ID:2 Time:2025-01-17 23:30:49 Called from PID:5671
[CZEKANIE] Type:Pacjent ID:2 Time:2025-01-17 23:30:49 Called from PID:5671
[CZEKANIE] Type:Pacjent ID:1 Time:2025-01-17 23:30:50 Called from PID:5670
[START] Type:Pacjent ID:3 Time:2025-01-17 23:30:50 Called from PID:5672
[PRZYJSCIE] Type:Pacjent ID:3 Time:2025-01-17 23:30:50 Called from PID:5672
[CZEKANIE] Type:Pacjent ID:3 Time:2025-01-17 23:30:50 Called from PID:5672
[CZEKANIE] Type:Pacjent ID:2 Time:2025-01-17 23:30:51 Called from PID:5671
[START] Type:Pacjent ID:4 Time:2025-01-17 23:30:51 Called from PID:5673
[PRZYJSCIE] Type:Pacjent ID:4 Time:2025-01-17 23:30:51 Called from PID:5673
[CZEKANIE] Type:Pacjent ID:4 Time:2025-01-17 23:30:51 Called from PID:5673
[CZEKANIE] Type:Pacjent ID:1 Time:2025-01-17 23:30:52 Called from PID:5670
[CZEKANIE] Type:Pacjent ID:3 Time:2025-01-17 23:30:52 Called from PID:5672
[START] Type:Pacjent ID:5 Time:2025-01-17 23:30:52 Called from PID:5674
[PRZYJSCIE] Type:Pacjent ID:5 Time:2025-01-17 23:30:52 Called from PID:5674
[CZEKANIE] Type:Pacjent ID:5 Time:2025-01-17 23:30:52 Called from PID:5674
[CZEKANIE] Type:Pacjent ID:2 Time:2025-01-17 23:30:53 Called from PID:5671
[CZEKANIE] Type:Pacjent ID:4 Time:2025-01-17 23:30:53 Called from PID:5673
[START] Type:Pacjent ID:6 Time:2025-01-17 23:30:53 Called from PID:5675
[PRZYJSCIE] Type:Pacjent ID:6 Time:2025-01-17 23:30:53 Called from PID:5675
[CZEKANIE] Type:Pacjent ID:6 Time:2025-01-17 23:30:53 Called from PID:5675
[CZEKANIE] Type:Pacjent ID:1 Time:2025-01-17 23:30:54 Called from PID:5670
[CZEKANIE] Type:Pacjent ID:3 Time:2025-01-17 23:30:54 Called from PID:5672
[CZEKANIE] Type:Pacjent ID:5 Time:2025-01-17 23:30:54 Called from PID:5674
[CZEKANIE] Type:Pacjent ID:2 Time:2025-01-17 23:30:55 Called from PID:5671
[CZEKANIE] Type:Pacjent ID:4 Time:2025-01-17 23:30:55 Called from PID:5673
[CZEKANIE] Type:Pacjent ID:6 Time:2025-01-17 23:30:55 Called from PID:5675
[CZEKANIE] Type:Pacjent ID:1 Time:2025-01-17 23:30:56 Called from PID:5670
[CZEKANIE] Type:Pacjent ID:3 Time:2025-01-17 23:30:56 Called from PID:5672
[CZEKANIE] Type:Pacjent ID:5 Time:2025-01-17 23:30:56 Called from PID:5674
[CZEKANIE] Type:Pacjent ID:2 Time:2025-01-17 23:30:57 Called from PID:5671
[CZEKANIE] Type:Pacjent ID:4 Time:2025-01-17 23:30:57 Called from PID:5673
[CZEKANIE] Type:Pacjent ID:6 Time:2025-01-17 23:30:57 Called from PID:5675
[CZEKANIE] Type:Pacjent ID:1 Time:2025-01-17 23:30:58 Called from PID:5670
[CZEKANIE] Type:Pacjent ID:3 Time:2025-01-17 23:30:58 Called from PID:5672
[CZEKANIE] Type:Pacjent ID:5 Time:2025-01-17 23:30:58 Called from PID:5674
[CZEKANIE] Type:Pacjent ID:2 Time:2025-01-17 23:30:59 Called from PID:5671
[CZEKANIE] Type:Pacjent ID:4 Time:2025-01-17 23:30:59 Called from PID:5673
[CZEKANIE] Type:Pacjent ID:6 Time:2025-01-17 23:30:59 Called from PID:5675
[CZEKANIE] Type:Pacjent ID:1 Time:2025-01-17 23:31:00 Called from PID:5670
[CZEKANIE] Type:Pacjent ID:3 Time:2025-01-17 23:31:00 Called from PID:5672
[CZEKANIE] Type:Pacjent ID:5 Time:2025-01-17 23:31:00 Called from PID:5674
[CZEKANIE] Type:Pacjent ID:2 Time:2025-01-17 23:31:01 Called from PID:5671
[CZEKANIE] Type:Pacjent ID:4 Time:2025-01-17 23:31:01 Called from PID:5673
[CZEKANIE] Type:Pacjent ID:6 Time:2025-01-17 23:31:01 Called from PID:5675
[CZEKANIE] Type:Pacjent ID:1 Time:2025-01-17 23:31:02 Called from PID:5670
[CZEKANIE] Type:Pacjent ID:3 Time:2025-01-17 23:31:02 Called from PID:5672
[CZEKANIE] Type:Pacjent ID:5 Time:2025-01-17 23:31:02 Called from PID:5674
[CZEKANIE] Type:Pacjent ID:2 Time:2025-01-17 23:31:03 Called from PID:5671
[CZEKANIE] Type:Pacjent ID:4 Time:2025-01-17 23:31:03 Called from PID:5673
[CZEKANIE] Type:Pacjent ID:6 Time:2025-01-17 23:31:03 Called from PID:5675
[CZEKANIE] Type:Pacjent ID:1 Time:2025-01-17 23:31:04 Called from PID:5670
[CZEKANIE] Type:Pacjent ID:3 Time:2025-01-17 23:31:04 Called from PID:5672
[CZEKANIE] Type:Pacjent ID:5 Time:2025-01-17 23:31:04 Called from PID:5674
[CZEKANIE] Type:Pacjent ID:2 Time:2025-01-17 23:31:05 Called from PID:5671
[CZEKANIE] Type:Pacjent ID:4 Time:2025-01-17 23:31:05 Called from PID:5673
[CZEKANIE] Type:Pacjent ID:6 Time:2025-01-17 23:31:05 Called from PID:5675
[START] Type:Rejestracja ID:0 Time:2025-01-17 23:31:06 Called from PID:5686
[START] Type:Zarzadca_Kolejka_Zewnetrzna ID:0 Time:2025-01-17 23:31:06 Called from PID:5685
[START] Type:Lekarz_POZ ID:1 Time:2025-01-17 23:31:06 Called from PID:5687
[ZMIANA LICZBY OSOB] Type:Zmien liczbe ID:2 Time:2025-01-17 23:31:06 Called from PID:5685
[START] Type:Lekarz_POZ ID:2 Time:2025-01-17 23:31:06 Called from PID:5688
[START] Type:Lekarz_Specjalista ID:1237 Time:2025-01-17 23:31:06 Called from PID:5690
[START] Type:Lekarz_Specjalista ID:1236 Time:2025-01-17 23:31:06 Called from PID:5689
[START] Type:Lekarz_Specjalista ID:1239 Time:2025-01-17 23:31:06 Called from PID:5692
[START] Type:Pacjent ID:0 Time:2025-01-17 23:31:06 Called from PID:5693
[PRZYJSCIE] Type:Pacjent ID:0 Time:2025-01-17 23:31:06 Called from PID:5693
[CZEKANIE] Type:Pacjent ID:0 Time:2025-01-17 23:31:06 Called from PID:5693
[START] Type:Rodzic ID:3 Time:2025-01-17 23:31:06 Called from PID:5694
[START] Type:Lekarz_Specjalista ID:1238 Time:2025-01-17 23:31:06 Called from PID:5691
[ODEBRANO] Type:Rejestracja ID:3 Time:2025-01-17 23:31:07 Called from PID:5686
[SKIEROWANO] Type:Kardiolog ID:3 Time:2025-01-17 23:31:07 Called from PID:5686
[ZMIANA LICZBY OSOB] Type:Zmien liczbe ID:3 Time:2025-01-17 23:31:07 Called from PID:5685
[START] Type:Pacjent ID:1 Time:2025-01-17 23:31:07 Called from PID:5698
[PRZYJSCIE] Type:Pacjent ID:1 Time:2025-01-17 23:31:07 Called from PID:5698
[CZEKANIE] Type:Pacjent ID:1 Time:2025-01-17 23:31:07 Called from PID:5698
[START] Type:Zarzadca_Kolejka_Zewnetrzna ID:0 Time:2025-01-17 23:36:08 Called from PID:5745
[START] Type:Rejestracja ID:0 Time:2025-01-17 23:36:08 Called from PID:5746
[ZMIANA LICZBY OSOB] Type:Zmien liczbe ID:1 Time:2025-01-17 23:36:08 Called from PID:5745
[ODEBRANO] Type:Rejestracja ID:1 Time:2025-01-17 23:36:08 Called from PID:5746
[SKIEROWANO] Type:POZ ID:1 Time:2025-01-17 23:36:08 Called from PID:5746
[START] Type:Lekarz_POZ ID:2 Time:2025-01-17 23:36:08 Called from PID:5748
[OBSŁUGA] Type:Lekarz_POZ ID:1 Time:2025-01-17 23:36:08 Called from PID:5748
[START] Type:Lekarz_Specjalista ID:1236 Time:2025-01-17 23:36:08 Called from PID:5749
[START] Type:Lekarz_Specjalista ID:1238 Time:2025-01-17 23:36:08 Called from PID:5751
[START] Type:Lekarz_POZ ID:1 Time:2025-01-17 23:36:08 Called from PID:5747
[START] Type:Lekarz_Specjalista ID:1237 Time:2025-01-17 23:36:08 Called from PID:5750
[START] Type:Lekarz_Specjalista ID:1239 Time:2025-01-17 23:36:08 Called from PID:5752
[START] Type:Pacjent ID:0 Time:2025-01-17 23:36:08 Called from PID:5753
[PRZYJSCIE] Type:Pacjent ID:0 Time:2025-01-17 23:36:08 Called from PID:5753
[CZEKANIE] Type:Pacjent ID:0 Time:2025-01-17 23:36:08 Called from PID:5753
[ZMIANA LICZBY OSOB] Type:Zmien liczbe ID:3 Time:2025-01-17 23:36:09 Called from PID:5745
[START] Type:Rodzic ID:2 Time:2025-01-17 23:36:09 Called from PID:5756
[START] Type:Pacjent ID:1 Time:2025-01-17 23:36:09 Called from PID:5757
[PRZYJSCIE] Type:Pacjent ID:1 Time:2025-01-17 23:36:09 Called from PID:5757
[CZEKANIE] Type:Pacjent ID:1 Time:2025-01-17 23:36:09 Called from PID:5757
[ZAKOŃCZONO] Type:Lekarz_POZ ID:1 Time:2025-01-17 23:36:10 Called from PID:5748
[ODEBRANO] Type:Rejestracja ID:2 Time:2025-01-17 23:36:10 Called from PID:5746
[CZEKANIE] Type:Pacjent ID:0 Time:2025-01-17 23:36:10 Called from PID:5753
[ZMIANA LICZBY OSOB] Type:Zmien liczbe ID:2 Time:2025-01-17 23:36:10 Called from PID:5748
[SKIEROWANO] Type:POZ ID:2 Time:2025-01-17 23:36:10 Called from PID:5746
[OBSŁUGA] Type:Lekarz_POZ ID:2 Time:2025-01-17 23:36:10 Called from PID:5747
[WYJSCIE] Type:PACJENT ID:2 Time:2025-01-17 23:36:10 Called from PID:5748
[ZMIANA LICZBY OSOB] Type:Zmien liczbe ID:3 Time:2025-01-17 23:36:10 Called from PID:5745
[START] Type:Pacjent ID:2 Time:2025-01-17 23:36:10 Called from PID:5758
[PRZYJSCIE] Type:Pacjent ID:2 Time:2025-01-17 23:36:10 Called from PID:5758
[CZEKANIE] Type:Pacjent ID:2 Time:2025-01-17 23:36:10 Called from PID:5758
[ODEBRANO] Type:Rejestracja ID:3 Time:2025-01-17 23:36:11 Called from PID:5746
[ZMIANA LICZBY OSOB] Type:Zmien liczbe ID:4 Time:2025-01-17 23:36:11 Called from PID:5745
[SKIEROWANO] Type:POZ ID:3 Time:2025-01-17 23:36:11 Called from PID:5746
[ODEBRANO] Type:Rejestracja ID:0 Time:2025-01-17 23:36:11 Called from PID:5746
[CZEKANIE] Type:Pacjent ID:1 Time:2025-01-17 23:36:11 Called from PID:5757
[SKIEROWANO] Type:Okulista ID:0 Time:2025-01-17 23:36:11 Called from PID:5746
[START] Type:Pacjent ID:3 Time:2025-01-17 23:36:11 Called from PID:5759
[PRZYJSCIE] Type:Pacjent ID:3 Time:2025-01-17 23:36:11 Called from PID:5759
[CZEKANIE] Type:Pacjent ID:3 Time:2025-01-17 23:36:11 Called from PID:5759
[CZEKANIE] Type:Pacjent ID:0 Time:2025-01-17 23:36:12 Called from PID:5753
[ZAKOŃCZONO] Type:Lekarz_POZ ID:2 Time:2025-01-17 23:36:12 Called from PID:5747
[OBSŁUGA] Type:Lekarz_Specjalista ID:0 Time:2025-01-17 23:36:12 Called from PID:5750
[OBSŁUGA] Type:Lekarz_POZ ID:3 Time:2025-01-17 23:36:12 Called from PID:5748
[ZMIANA LICZBY OSOB] Type:Zmien liczbe ID:2 Time:2025-01-17 23:36:12 Called from PID:5747
[ZMIANA LICZBY OSOB] Type:Zmien liczbe ID:3 Time:2025-01-17 23:36:12 Called from PID:5745
[WYJSCIE] Type:PACJENT Z RODZICEM ID:3 Time:2025-01-17 23:36:12 Called from PID:5747
[ODEBRANO] Type:Rejestracja ID:1 Time:2025-01-17 23:36:12 Called from PID:5746
[SKIEROWANO] Type:Okulista ID:1 Time:2025-01-17 23:36:12 Called from PID:5746
[CZEKANIE] Type:Pacjent ID:2 Time:2025-01-17 23:36:12 Called from PID:5758
[START] Type:Pacjent ID:4 Time:2025-01-17 23:36:12 Called from PID:5760
[PRZYJSCIE] Type:Pacjent ID:4 Time:2025-01-17 23:36:12 Called from PID:5760
[CZEKANIE] Type:Pacjent ID:4 Time:2025-01-17 23:36:12 Called from PID:5760
[CZEKANIE] Type:Pacjent ID:1 Time:2025-01-17 23:36:13 Called from PID:5757
[ZMIANA LICZBY OSOB] Type:Zmien liczbe ID:5 Time:2025-01-17 23:36:13 Called from PID:5745
[START] Type:Rodzic ID:2 Time:2025-01-17 23:36:13 Called from PID:5761
[ODEBRANO] Type:Rejestracja ID:2 Time:2025-01-17 23:36:13 Called from PID:5746
[CZEKANIE] Type:Pacjent ID:3 Time:2025-01-17 23:36:13 Called from PID:5759
[SKIEROWANO] Type:POZ ID:2 Time:2025-01-17 23:36:13 Called from PID:5746
[START] Type:Pacjent ID:5 Time:2025-01-17 23:36:13 Called from PID:5762
[PRZYJSCIE] Type:Pacjent ID:5 Time:2025-01-17 23:36:13 Called from PID:5762
[CZEKANIE] Type:Pacjent ID:5 Time:2025-01-17 23:36:13 Called from PID:5762
[CZEKANIE] Type:Pacjent ID:0 Time:2025-01-17 23:36:14 Called from PID:5753
[ZAKOŃCZONO] Type:Lekarz_POZ ID:3 Time:2025-01-17 23:36:14 Called from PID:5748
[ZMIANA LICZBY OSOB] Type:Zmien liczbe ID:4 Time:2025-01-17 23:36:14 Called from PID:5748
[WYJSCIE] Type:PACJENT ID:4 Time:2025-01-17 23:36:14 Called from PID:5748
[OBSŁUGA] Type:Lekarz_POZ ID:2 Time:2025-01-17 23:36:14 Called from PID:5748
[ZMIANA LICZBY OSOB] Type:Zmien liczbe ID:5 Time:2025-01-17 23:36:14 Called from PID:5745
[CZEKANIE] Type:Pacjent ID:2 Time:2025-01-17 23:36:14 Called from PID:5758
[ODEBRANO] Type:Rejestracja ID:3 Time:2025-01-17 23:36:14 Called from PID:5746
[SKIEROWANO] Type:Kardiolog ID:3 Time:2025-01-17 23:36:14 Called from PID:5746
[CZEKANIE] Type:Pacjent ID:4 Time:2025-01-17 23:36:14 Called from PID:5760
[START] Type:Pacjent ID:6 Time:2025-01-17 23:36:14 Called from PID:5763
[PRZYJSCIE] Type:Pacjent ID:6 Time:2025-01-17 23:36:14 Called from PID:5763
[CZEKANIE] Type:Pacjent ID:6 Time:2025-01-17 23:36:14 Called from PID:5763
[OBSŁUGA] Type:Lekarz_Specjalista ID:3 Time:2025-01-17 23:36:15 Called from PID:5749
[CZEKANIE] Type:Pacjent ID:1 Time:2025-01-17 23:36:15 Called from PID:5757
[CZEKANIE] Type:Pacjent ID:3 Time:2025-01-17 23:36:15 Called from PID:5759
[CZEKANIE] Type:Pacjent ID:5 Time:2025-01-17 23:36:15 Called from PID:5762
[START] Type:Pacjent ID:7 Time:2025-01-17 23:36:15 Called from PID:5764
[PRZYJSCIE] Type:Pacjent ID:7 Time:2025-01-17 23:36:15 Called from PID:5764
[CZEKANIE] Type:Pacjent ID:7 Time:2025-01-17 23:36:15 Called from PID:5764
[CZEKANIE] Type:Pacjent ID:0 Time:2025-01-17 23:36:16 Called from PID:5753
[ZAKOŃCZONO] Type:Lekarz_POZ ID:2 Time:2025-01-17 23:36:16 Called from PID:5748
[ZMIANA LICZBY OSOB] Type:Zmien liczbe ID:3 Time:2025-01-17 23:36:16 Called from PID:5748
[WYJSCIE] Type:PACJENT Z RODZICEM ID:3 Time:2025-01-17 23:36:16 Called from PID:5748
[ZMIANA LICZBY OSOB] Type:Zmien liczbe ID:4 Time:2025-01-17 23:36:16 Called from PID:5745
[CZEKANIE] Type:Pacjent ID:2 Time:2025-01-17 23:36:16 Called from PID:5758
[CZEKANIE] Type:Pacjent ID:4 Time:2025-01-17 23:36:16 Called from PID:5760
[ODEBRANO] Type:Rejestracja ID:5 Time:2025-01-17 23:36:16 Called from PID:5746
[SKIEROWANO] Type:Pediatra ID:5 Time:2025-01-17 23:36:16 Called from PID:5746
[CZEKANIE] Type:Pacjent ID:6 Time:2025-01-17 23:36:16 Called from PID:5763
[START] Type:Pacjent ID:8 Time:2025-01-17 23:36:16 Called from PID:5765
[PRZYJSCIE] Type:Pacjent ID:8 Time:2025-01-17 23:36:16 Called from PID:5765
[CZEKANIE] Type:Pacjent ID:8 Time:2025-01-17 23:36:16 Called from PID:5765
[CZEKANIE] Type:Pacjent ID:1 Time:2025-01-17 23:36:17 Called from PID:5757
[OBSŁUGA] Type:Lekarz_Specjalista ID:5 Time:2025-01-17 23:36:17 Called from PID:5751
[CZEKANIE] Type:Pacjent ID:3 Time:2025-01-17 23:36:17 Called from PID:5759
[ZMIANA LICZBY OSOB] Type:Zmien liczbe ID:5 Time:2025-01-17 23:36:17 Called from PID:5745
[ODEBRANO] Type:Rejestracja ID:6 Time:2025-01-17 23:36:17 Called from PID:5746
[SKIEROWANO] Type:POZ ID:6 Time:2025-01-17 23:36:17 Called from PID:5746
[CZEKANIE] Type:Pacjent ID:5 Time:2025-01-17 23:36:17 Called from PID:5762
[CZEKANIE] Type:Pacjent ID:7 Time:2025-01-17 23:36:17 Called from PID:5764
[START] Type:Pacjent ID:9 Time:2025-01-17 23:36:17 Called from PID:5766
[PRZYJSCIE] Type:Pacjent ID:9 Time:2025-01-17 23:36:17 Called from PID:5766
[CZEKANIE] Type:Pacjent ID:9 Time:2025-01-17 23:36:17 Called from PID:5766
[CZEKANIE] Type:Pacjent ID:0 Time:2025-01-17 23:36:18 Called from PID:5753
[OBSŁUGA] Type:Lekarz_POZ ID:6 Time:2025-01-17 23:36:18 Called from PID:5747
[CZEKANIE] Type:Pacjent ID:2 Time:2025-01-17 23:36:18 Called from PID:5758
[CZEKANIE] Type:Pacjent ID:4 Time:2025-01-17 23:36:18 Called from PID:5760
[CZEKANIE] Type:Pacjent ID:6 Time:2025-01-17 23:36:18 Called from PID:5763
[CZEKANIE] Type:Pacjent ID:8 Time:2025-01-17 23:36:18 Called from PID:5765
[START] Type:Pacjent ID:10 Time:2025-01-17 23:36:18 Called from PID:5767
[PRZYJSCIE] Type:Pacjent ID:10 Time:2025-01-17 23:36:18 Called from PID:5767
[CZEKANIE] Type:Pacjent ID:10 Time:2025-01-17 23:36:18 Called from PID:5767
[CZEKANIE] Type:Pacjent ID:1 Time:2025-01-17 23:36:19 Called from PID:5757
[CZEKANIE] Type:Pacjent ID:3 Time:2025-01-17 23:36:19 Called from PID:5759
[CZEKANIE] Type:Pacjent ID:5 Time:2025-01-17 23:36:19 Called from PID:5762
[CZEKANIE] Type:Pacjent ID:7 Time:2025-01-17 23:36:19 Called from PID:5764
[CZEKANIE] Type:Pacjent ID:9 Time:2025-01-17 23:36:19 Called from PID:5766
[START] Type:Pacjent ID:11 Time:2025-01-17 23:36:19 Called from PID:5768
[PRZYJSCIE] Type:Pacjent ID:11 Time:2025-01-17 23:36:19 Called from PID:5768
[CZEKANIE] Type:Pacjent ID:11 Time:2025-01-17 23:36:19 Called from PID:5768
[CZEKANIE] Type:Pacjent ID:0 Time:2025-01-17 23:36:20 Called from PID:5753
[ZAKOŃCZONO] Type:Lekarz_POZ ID:6 Time:2025-01-17 23:36:20 Called from PID:5747
[ZMIANA LICZBY OSOB] Type:Zmien liczbe ID:4 Time:2025-01-17 23:36:20 Called from PID:5747
[WYJSCIE] Type:PACJENT ID:4 Time:2025-01-17 23:36:20 Called from PID:5747
[CZEKANIE] Type:Pacjent ID:2 Time:2025-01-17 23:36:20 Called from PID:5758
[CZEKANIE] Type:Pacjent ID:4 Time:2025-01-17 23:36:20 Called from PID:5760
[CZEKANIE] Type:Pacjent ID:6 Time:2025-01-17 23:36:20 Called from PID:5763
[CZEKANIE] Type:Pacjent ID:8 Time:2025-01-17 23:36:20 Called from PID:5765
[CZEKANIE] Type:Pacjent ID:10 Time:2025-01-17 23:36:20 Called from PID:5767
[START] Type:Pacjent ID:12 Time:2025-01-17 23:36:20 Called from PID:5769
[PRZYJSCIE] Type:Pacjent ID:12 Time:2025-01-17 23:36:20 Called from PID:5769
[CZEKANIE] Type:Pacjent ID:12 Time:2025-01-17 23:36:20 Called from PID:5769
[CZEKANIE] Type:Pacjent ID:1 Time:2025-01-17 23:36:21 Called from PID:5757
[CZEKANIE] Type:Pacjent ID:3 Time:2025-01-17 23:36:21 Called from PID:5759
[CZEKANIE] Type:Pacjent ID:5 Time:2025-01-17 23:36:21 Called from PID:5762
[CZEKANIE] Type:Pacjent ID:7 Time:2025-01-17 23:36:21 Called from PID:5764
[CZEKANIE] Type:Pacjent ID:9 Time:2025-01-17 23:36:21 Called from PID:5766
[CZEKANIE] Type:Pacjent ID:11 Time:2025-01-17 23:36:21 Called from PID:5768
[START] Type:Pacjent ID:13 Time:2025-01-17 23:36:21 Called from PID:5770
[PRZYJSCIE] Type:Pacjent ID:13 Time:2025-01-17 23:36:21 Called from PID:5770
[CZEKANIE] Type:Pacjent ID:13 Time:2025-01-17 23:36:21 Called from PID:5770
[ZAKOŃCZONO] Type:Lekarz_Specjalista ID:0 Time:2025-01-17 23:36:22 Called from PID:5750
[ZMIANA LICZBY OSOB] Type:Zmien liczbe ID:3 Time:2025-01-17 23:36:22 Called from PID:5750
[WYJSCIE] Type:PACJENT ID:3 Time:2025-01-17 23:36:22 Called from PID:5750
[OBSŁUGA] Type:Lekarz_Specjalista ID:1 Time:2025-01-17 23:36:22 Called from PID:5750
[CZEKANIE] Type:Pacjent ID:0 Time:2025-01-17 23:36:22 Called from PID:5753
[CZEKANIE] Type:Pacjent ID:2 Time:2025-01-17 23:36:22 Called from PID:5758
[CZEKANIE] Type:Pacjent ID:4 Time:2025-01-17 23:36:22 Called from PID:5760
[ZMIANA LICZBY OSOB] Type:Zmien liczbe ID:4 Time:2025-01-17 23:36:22 Called from PID:5745
[ODEBRANO] Type:Rejestracja ID:11 Time:2025-01-17 23:36:22 Called from PID:5746
[SKIEROWANO] Type:POZ ID:11 Time:2025-01-17 23:36:22 Called from PID:5746
[CZEKANIE] Type:Pacjent ID:6 Time:2025-01-17 23:36:22 Called from PID:5763
[CZEKANIE] Type:Pacjent ID:8 Time:2025-01-17 23:36:22 Called from PID:5765
[CZEKANIE] Type:Pacjent ID:10 Time:2025-01-17 23:36:22 Called from PID:5767
[CZEKANIE] Type:Pacjent ID:12 Time:2025-01-17 23:36:22 Called from PID:5769
[START] Type:Pacjent ID:14 Time:2025-01-17 23:36:22 Called from PID:5771
[PRZYJSCIE] Type:Pacjent ID:14 Time:2025-01-17 23:36:22 Called from PID:5771
[CZEKANIE] Type:Pacjent ID:14 Time:2025-01-17 23:36:22 Called from PID:5771
